Run ls -la
total 56
drwxr-xr-x  11 runner  staff   352 Apr  1 19:11 .
drwxr-xr-x   3 runner  staff    96 Apr  1 19:11 ..
drwxr-xr-x  14 runner  staff   448 Apr  1 19:11 .git
drwxr-xr-x   3 runner  staff    96 Apr  1 19:11 .github
-rw-r--r--   1 runner  staff   350 Apr  1 19:11 ExportOptions.plist
drwxr-xr-x   7 runner  staff   224 Apr  1 19:11 HeartFloat
drwxr-xr-x   4 runner  staff   128 Apr  1 19:11 HeartFloat.xcodeproj
-rw-r--r--   1 runner  staff    50 Apr  1 19:11 Podfile
-rw-r--r--   1 runner  staff  1878 Apr  1 19:11 README.md
-rw-r--r--   1 runner  staff  9012 Apr  1 19:11 debug.log
-rw-r--r--   1 runner  staff  1159 Apr  1 19:11 project.yml
total 0
drwxr-xr-x   7 runner  staff  224 Apr  1 19:11 .
drwxr-xr-x  11 runner  staff  352 Apr  1 19:11 ..
drwxr-xr-x   3 runner  staff   96 Apr  1 19:11 App
drwxr-xr-x   5 runner  staff  160 Apr  1 19:11 Resources
drwxr-xr-x   5 runner  staff  160 Apr  1 19:11 Services
drwxr-xr-x   3 runner  staff   96 Apr  1 19:11 ViewModels
drwxr-xr-x   4 runner  staff  128 Apr  1 19:11 Views
29s
Run xcodebuild archive \
▸ Processing Info.plist
▸ Linking HeartFloat
▸ Generating 'HeartFloat.app.dSYM'
▸ Touching HeartFloat.app (in target 'HeartFloat' from project 'HeartFloat')
▸ Archive Succeeded
0s
Run echo "=== Archive structure ==="
=== Archive structure ===
total 8
drwxr-xr-x  5 runner  staff  160 Apr  1 19:12 .
drwxr-xr-x  3 runner  staff   96 Apr  1 19:12 ..
-rw-r--r--  1 runner  staff  873 Apr  1 19:12 Info.plist
drwxr-xr-x@ 3 runner  staff   96 Apr  1 19:11 Products
drwxr-xr-x  3 runner  staff   96 Apr  1 19:12 dSYMs

build/HeartFloat.xcarchive//Products:
total 0
drwxr-xr-x@ 3 runner  staff   96 Apr  1 19:11 .
drwxr-xr-x  5 runner  staff  160 Apr  1 19:12 ..
drwxr-xr-x  3 runner  staff   96 Apr  1 19:11 Applications

build/HeartFloat.xcarchive//Products/Applications:
total 0
drwxr-xr-x  3 runner  staff   96 Apr  1 19:11 .
drwxr-xr-x@ 3 runner  staff   96 Apr  1 19:11 ..
drwxr-xr-x  6 runner  staff  192 Apr  1 19:12 HeartFloat.app

build/HeartFloat.xcarchive//Products/Applications/HeartFloat.app:
total 664
drwxr-xr-x  6 runner  staff     192 Apr  1 19:12 .
drwxr-xr-x  3 runner  staff      96 Apr  1 19:11 ..
-rw-r--r--  1 runner  staff   22639 Apr  1 19:12 Assets.car
-rwxr-xr-x  1 runner  staff  305600 Apr  1 19:12 HeartFloat
-rw-r--r--  1 runner  staff    1441 Apr  1 19:12 Info.plist
-rw-r--r--  1 runner  staff       8 Apr  1 19:12 PkgInfo

build/HeartFloat.xcarchive//dSYMs:
total 0
drwxr-xr-x  3 runner  staff   96 Apr  1 19:12 .
drwxr-xr-x  5 runner  staff  160 Apr  1 19:12 ..
drwxr-xr-x  3 runner  staff   96 Apr  1 19:12 HeartFloat.app.dSYM

build/HeartFloat.xcarchive//dSYMs/HeartFloat.app.dSYM:
total 0
drwxr-xr-x  3 runner  staff   96 Apr  1 19:12 .
drwxr-xr-x  3 runner  staff   96 Apr  1 19:12 ..
drwxr-xr-x  4 runner  staff  128 Apr  1 19:12 Contents


=== App bundle BEFORE Swift libs ===
total 664
drwxr-xr-x  6 runner  staff     192 Apr  1 19:12 .
drwxr-xr-x  3 runner  staff      96 Apr  1 19:11 ..
-rw-r--r--  1 runner  staff   22639 Apr  1 19:12 Assets.car
-rwxr-xr-x  1 runner  staff  305600 Apr  1 19:12 HeartFloat
-rw-r--r--  1 runner  staff    1441 Apr  1 19:12 Info.plist
-rw-r--r--  1 runner  staff       8 Apr  1 19:12 PkgInfo
1m 53s
Run APP_PATH="build/HeartFloat.xcarchive/Products/Applications/HeartFloat.app"
=== Step 1: Detect linked Swift libraries via otool ===
Binary needs these Swift libraries:
libswiftAVFoundation.dylib
libswiftCore.dylib
libswiftCoreAudio.dylib
libswiftCoreFoundation.dylib
libswiftCoreGraphics.dylib
libswiftCoreImage.dylib
libswiftCoreMIDI.dylib
libswiftCoreMedia.dylib
libswiftDarwin.dylib
libswiftDataDetection.dylib
libswiftDispatch.dylib
libswiftFileProvider.dylib
libswiftFoundation.dylib
libswiftMetal.dylib
libswiftNetwork.dylib
libswiftOSLog.dylib
libswiftObjectiveC.dylib
libswiftQuartzCore.dylib
libswiftUIKit.dylib
libswiftUniformTypeIdentifiers.dylib
libswiftXPC.dylib
libswiftos.dylib
libswiftsimd.dylib
=== Step 2: Search for Swift dylibs on this system ===
  ❌ /Applications/Xcode_15.4.app/Contents/Developer/Platforms/iPhoneOS.platform/Developer/SDKs/iPhoneOS17.5.sdk/usr/lib/swift/iphoneos → directory does not exist
  📂 /Applications/Xcode_15.4.app/Contents/Developer/Toolchains/XcodeDefault.xctoolchain/usr/lib/swift/iphoneos → found 0 .dylib files
  ❌ /Applications/Xcode*.app/Contents/Developer/Toolchains/XcodeDefault.xctoolchain/usr/lib/swift/iphoneos → directory does not exist
Warning: Standard paths empty, using find to search...
Error: Cannot locate any Swift dylibs on this system!
/Applications/Xcode_15.0.1.app/Contents/Developer/Toolchains/XcodeDefault.xctoolchain/usr/lib/swift-5.0/appletvsimulator/libswiftMapKit.dylib
/Applications/Xcode_15.0.1.app/Contents/Developer/Toolchains/XcodeDefault.xctoolchain/usr/lib/swift-5.0/appletvsimulator/libswiftPhotos.dylib
/Applications/Xcode_15.0.1.app/Contents/Developer/Toolchains/XcodeDefault.xctoolchain/usr/lib/swift-5.0/appletvsimulator/libswiftSceneKit.dylib
/Applications/Xcode_15.0.1.app/Contents/Developer/Toolchains/XcodeDefault.xctoolchain/usr/lib/swift-5.0/appletvsimulator/libswiftMetalKit.dylib
/Applications/Xcode_15.0.1.app/Contents/Developer/Toolchains/XcodeDefault.xctoolchain/usr/lib/swift-5.0/appletvsimulator/libswiftCoreImage.dylib
/Applications/Xcode_15.0.1.app/Contents/Developer/Toolchains/XcodeDefault.xctoolchain/usr/lib/swift-5.0/appletvsimulator/libswiftObjectiveC.dylib
/Applications/Xcode_15.0.1.app/Contents/Developer/Toolchains/XcodeDefault.xctoolchain/usr/lib/swift-5.0/appletvsimulator/libswiftVision.dylib
/Applications/Xcode_15.0.1.app/Contents/Developer/Toolchains/XcodeDefault.xctoolchain/usr/lib/swift-5.0/appletvsimulator/libswiftXCTest.dylib
/Applications/Xcode_15.0.1.app/Contents/Developer/Toolchains/XcodeDefault.xctoolchain/usr/lib/swift-5.0/appletvsimulator/libswiftCore.dylib
/Applications/Xcode_15.0.1.app/Contents/Developer/Toolchains/XcodeDefault.xctoolchain/usr/lib/swift-5.0/appletvsimulator/libswiftCoreGraphics.dylib
Error: Process completed with exit code 1.